(S (NP (PRP$ your)) (NN turn))
(S (NP (UH well)) (ADVP (PP (NP (NP (PRP i)) (EDITED (NP (VBP have) (NP (NP (TO to)) (NP (VB say) (NP (PRP i))))))) (S (VP (ADJP (RB really) (VBP do)) (VP (NP (RB n't)) (VP (VB have) (S (VP (NP (DT a)) (S (VP (NN budget))))))))))))
(S (DT both) (NP (NP (PRP$ my)) (VP (NN wife) (S (CC and) (NP (NP (PRP i)) (VP (VP (VP (INTJ (UH uh)) (VBD grew)) (VP (NP (RP up)) (S (PP (INTJ (PP (IN in)) (INTJ (UH uh))) (S (VP (NNS families) (ADVP (TYPO (IN of) (RB rather)))))) (EDITED (SBAR (JJ modest)))))) (VP (NN means))))))))
(S (NP (CC and)) (INTJ (INTJ (INTJ (INTJ (INTJ (INTJ (UH uh)) (NP (PRP$ our))) (NP (NN family))) (NN income)) (IN at)) (ADVP (NP (NP (NP (DT this) (EDITED (S (VP (NN point)) (NP (NP (VBZ is)) (NP (NP (JJ comfortable)) (EDITED (NP (WHADVP (JJ upper)) (NP (NN middle) (NP (NN class) (NP (PRP i))))))))) (VP (VBP guess))))) (PRP you)) (VP (VP (MD might)) (NP (VB say))))))
(S (S (NP (CC and)) (INTJ (INTJ (INTJ (INTJ (INTJ (UH uh)) (NP (PRP we))) (NP (VBP 're))) (DT both)) (INTJ (NP (RB so)) (INTJ (INTJ (INTJ (UH uh)) (VP (JJ frugal))) (INTJ (SBAR (S (VP (IN that)))) (INTJ (UH uh))))))) (NP (PRN (S (S (VP (ADVP (TYPO (EDITED (NP (PRN (S (PRN (S (NP (PRP we)) (RB really))) (VBP do))) (RB n't))) (VB need))) (DT a))) (NP (NN budget) (NP (PRP you))))) (VP (VBP know))))
(S (NP (PRN (S (NP (PRP we)) (RB just))) (EDITED (RB sort) (NP (RB of) (NP (VBP invest) (EDITED (DT the) (NP (NP (NN money)) (NP (CC and) (NP (NP (VBP go)) (NP (IN on) (S (VP (NNS vacations) (NP (CC and) (NP (ADVP (RB always)) (NP (NP (RB never)) (NP (VBP seem) (EDITED (TO to) (NP (VB have) (NP (DT any) (NP (NP (NN money)) (NP (NNS problems) (NP (ADVP (WDT which)) (NP (PRP i))))))))))))))))))))))) (VP (VP (VP (VBP guess)) (S (VBZ is))) (NP (NP (DT a)) (NP (VP (JJ comfortable)) (INTJ (NN thing))))))
(S (PRN (S (NP (UH well)) (NP (PRP we)))) (VP (VBP stay) (VP (NP (IN within)) (NP (PRP$ our) (NP (NN means))))))
(S (NP (CC but)) (NP (EDITED (PP (NP (PRP we)) (VBP do))) (SBAR (NP (RB n't)) (NP (VB do) (NP (PRP it))))) (VP (INTJ (INTJ (UH uh)) (PRN (S (VP (IN by)) (NP (JJ conscious))))) (VP (NN effort))))
(S (NP (PRP it)) (VP (NP (RB just)) (VP (RB sort) (VP (RB of) (NP (NP (VBZ happens)) (NP (RB automatically)))))))
(S (IN although) (ADVP (PP (NP (PRP we)) (VP (RB just) (VP (ADJP (NP (VBD moved)) (INTJ (IN to) (INTJ (NP (NNP california)) (ADJP (EDITED (CC and)) (INTJ (UH uh)))))) (VP (PRN (S (NP (DT the)) (NP (NN cost) (EDITED (PP (IN of)) (NP (INTJ (NP (NN living)) (INTJ (RB here) (INTJ (IN in) (INTJ (NNP california) (INTJ (S (VBZ is)) (INTJ (UH uh))))))) (NP (PRP i))))))) (VP (VP (VP (MD would)) (VP (VB say) (ADVP (RB rather)))) (NP (JJ pathological)))))))))
(S (PRN (S (INTJ (UH uh)) (NP (NN housing)))) (SBAR (S (SBAR (EDITED (EDITED (EDITED (NNS prices) (VBP are)) (NP (NP (PRP you)) (VBP know))) (NP (UH like))) (VP (IN from) (VP (PRN (S (NP (CD four)) (NP (TO to) (EDITED (VP (CD ten)) (NP (INTJ (NNS times) (WHNP (RBR more) (INTJ (ADJP (JJ expensive)) (INTJ (EDITED (IN than)) (INTJ (INTJ (UH uh)) (INTJ (UH uh))))))) (NP (PRP they))))))) (VP (VP (VBD were)) (NP (NP (NP (WRB where)) (NP (PRP i))) (VP (S (VP (VP (VP (VBD came)) (PP (IN from))) (S (VP (IN in))))) (INTJ (INTJ (UH uh)) (VP (NNP dallas))))))))))))
(INTJ (UH yeah))
(S (NP (RB so)) (VP (INTJ (INTJ (UH uh)) (INTJ (UH uh))) (PRT (NP (DT that)) (ADJP (VBZ presents) (VP (EDITED (SBAR (DT a) (PRN (S (NP (DT a)) (JJ real))))) (VP (NN shock)))))))
(INTJ (CC but))
(INTJ (UH yeah))
(INTJ (UH yeah))
(S (INTJ (UH uh)) (S (EDITED (EDITED (CC and) (CD one)) (PRN (S (NP (NN way)) (EDITED (ADVP (S (NP (NP (PRP you)) (VBP know)) (EDITED (PP (DT that) (QP (VBZ is) (WHADVP (NP (IN that)) (EDITED (RB only) (NNP god))))))) (MD can)))))) (NP (VB afford) (NP (PRP it)))))
(S (INTJ (UH uh)) (S (NP (RB so)) (VP (NN budget) (SQ (SBAR (S (SBAR (NP (VBZ is)) (RB not)))) (VP (NP (NP (DT a)) (NP (NN problem))) (NP (IN for) (NP (PRP us))))))))
(S (INTJ (UH uh)) (EDITED (EDITED (PRN (S (NP (IN at)) (JJS least))) (NP (NP (NP (PRP it)) (VBZ has)) (NP (RB n't)))) (VP (VBN been))))
(S (PRN (S (NP (PRP it)) (VP (MD may)))) (SBAR (MD may) (VP (NP (VB be)) (VP (IN at) (VP (NP (DT this)) (VP (NN point)))))))
(S (NP (CC but)) (INTJ (INTJ (INTJ (INTJ (UH uh)) (NP (IN up))) (NP (IN until))) (VP (DT this) (NN point))) (PP (PRN (S (NP (PRP it)) (NP (RB really)))) (PP (PP (VBZ has)) (NP (RB n't) (VP (VBN been))))))
(S (PRN (S (NP (WRB when)) (NP (PRP i)))) (VP (INTJ (INTJ (INTJ (INTJ (INTJ (UH uh)) (NP (VBD was))) (INTJ (IN in) (INTJ (UH uh)))) (PRN (S (NN undergraduate) (NN school)))) (S (NP (NP (DT a)) (NP (JJ long) (SBAR (S (VP (JJ long) (NP (NN time) (NP (RB ago) (NP (PRP i))))))))) (INTJ (INTJ (INTJ (INTJ (INTJ (VP (INTJ (VP (INTJ (INTJ (INTJ (INTJ (INTJ (UH uh)) (VP (VBD noted))) (NP (IN that))) (S (VP (S (DT the)) (NP (JJ monthly))))) (NP (NN salary))) (ADVP (JJ starting))) (NP (JJ average))) (NP (JJ monthly))) (INTJ (NN salary))) (NP (NN salary))) (NP (PP (PP (VP (IN for)) (NP (NNS engineers))) (ADJP (WDT that))) (NP (VBP know)))) (SBAR (S (SBAR (IN in))))) (EDITED (EDITED (NP (NP (NP (NP (NP (PRP$ my)) (VP (NN discipline))) (EDITED (SBAR (EDITED (PP (VBD was))) (PRN (S (NP (IN like)) (PRN (S (UH oh)))))))) (S (ADVP (EDITED (CD six)) (EDITED (CD hundred))) (EDITED (CD ten)))) (SBAR (NNS dollars))) (EDITED (DT a))) (EDITED (WHNP (S (VP (NN month))) (EDITED (VP (CC or)) (EDITED (WHNP (NN something)))))))))) (S (VP (EDITED (PP (IN like))) (VP (DT that))))))
(S (NP (CC and)) (VP (INTJ (INTJ (UH uh)) (NP (PRP i))) (VP (VP (VBD noted)) (NP (ADVP (PP (IN at) (NP (DT that) (NP (NN point) (EDITED (IN that) (NP (NP (NP (PRP i)) (EDITED (ADVP (VP (VBD was)) (PRN (S (NP (PRP you)) (VBP know)))))) (NP (IN if) (NP (DT that) (NP (BES 's) (PRT (ADVP (WP what)) (NP (NP (NP (PRP$ my)) (NN salary)) (NP (NP (VBD was)) (NP (NP (WDT that)) (NP (NP (PRP i)) (NP (VP (VBD drew)) (NP (NP (RB then)) (NP (PRP i)))))))))))))))))) (VP (WHADVP (MD would)) (NP (VP (VB be)) (SBAR (VP (SBAR (SBAR (S (SBAR (VBG making)))) (EDITED (RB almost))) (NP (RB twice))) (SBAR (ADVP (RB as)) (VP (NP (RB much)) (SBAR (VP (IN as)) (VP (S (S (NP (PRP$ my)) (S (VP (WHNP (NN father)) (VP (EDITED (PP (VBD made))) (S (NP (IN during)) (EDITED (EDITED (PRP$ his)) (EDITED (JJS best)))))))) (EDITED (VP (NN year)))) (SBAR (RB ever)))))))))))))
(S (NP (NP (RB so)) (NP (PRP i))) (VP (VP (VBD stopped)) (NP (NP (VBG worrying)) (NP (IN about) (NP (NN money))))))
(S (CC and) (NP (PRP it)))
(S (NP (RB never)) (NP (ADJP (VBP have) (ADJP (VBN worried) (NP (NP (IN about)) (NN money))))) (VP (IN since) (NP (RB then))))
(S (NP (RB sometimes)) (INTJ (INTJ (UH uh)) (NP (PRP it))) (VP (VP (BES 's)) (NP (NP (NP (DT a) (NP (NN bit))) (PRT (QP (IN of) (EDITED (NP (DT a) (NP (PP (NP (NP (NP (DT a)) (NP (NN problem) (NP (PRP you)))) (VBP know)) (IN because)) (NP (PRP i)))) (VP (VBP guess)))) (EDITED (VP (PRP i))))) (VP (SBAR (S (VBP do) (EDITED (RB n't) (S (NP (RB really)) (VP (SBAR (S (SBAR (VB manage) (NP (NP (PRP$ my)) (NP (ADJP (NN money))))))) (PP (DT the)))))) (ADJP (NN way))) (NP (NP (PRP i)) (VP (MD should)))))))
(S (NP (CC but)) (PRT (INTJ (INTJ (INTJ (INTJ (INTJ (UH uh)) (NP (PRP i))) (VP (VBP suppose))) (NP (NP (PRP i)) (VBP 've))) (S (VBN lost) (INTJ (UCP (NP (NN money)) (SBAR (S (VP (PP (IN on)) (VP (RB not) (ADVP (TYPO (VBG taking) (SBAR (S (VP (JJ good) (SBAR (S (VP (NN advantage) (WHADVP (IN of) (IN of))))))))))))))) (INTJ (UH uh))))) (NP (NNS investments))))
(INTJ (CC but))
(S (UH well) (NP (NP (PRP i)) (SBAR (VBP guess) (NP (NP (NP (PRP we)) (VBP 're)) (PP (DT both) (PP (ADJP (NP (JJ lucky)) (IN in)) (SBAR (NP (DT that)) (NP (NN regard) (NP (RB then))))))))))
(S (PRN (S (NP (WRB how)) (JJ big))) (S (EDITED (VBZ is) (NP (PRP$ your))) (VP (NN family))))
(S (NP (PRP i)) (VP (VBP see)))
(S (NP (UH so)) (NP (WRB how)))
(S (PRN (S (INTJ (UH oh)) (RB all))) (NP (JJ right)))
(S (NP (PRP i)) (VP (VP (VBP have)) (VP (CD two) (NP (NNS kids)))))
(S (INTJ (UH uh)) (NP (EDITED (SBAR (NP (CD one)) (EDITED (CD nine) (NP (CC and))))) (NP (CD one) (NP (CD thirteen)))))
(S (NP (CC and)) (ADVP (PP (NP (PRP they)) (VP (VBP are) (SBAR (SBAR (S (SBAR (EDITED (NP (VBG beginning)) (TO to)) (EDITED (S (VB be) (X (NP (DT a) (X (NP (NN budget) (NP (NP (NP (NN problem)) (ADJP (CC but) (INTJ (INTJ (INTJ (INTJ (UH uh)) (PRN (S (S (ADVP (VBP have))) (RB not)))) (WHADVP (VBN been))) (NP (NP (NP (NP (RB really)) (IN up)) (NP (IN until))) (X (NP (DT this) (NP (IN up)))))))))))))))))) (VP (IN to) (NP (NP (DT this)) (NP (NN point)))))))))
(S (NP (CC and)) (INTJ (NP (PRP they)) (INTJ (UH uh))))
(S (PRN (S (NP (PRP i)) (VP (RB basically)))) (VP (VBP give) (SQ (NP (NP (PRP$ my)) (NN son)) (VP (EDITED (CD ten) (ADJP (NNS dollars) (DT a))) (VP (NN week))))))
(S (PRN (S (CC and) (NP (PRP i)))) (VP (VP (VBP put)) (SQ (ADJP (NP (NP (DT half)) (NP (IN of) (NP (PRP it)))) (IN in)) (NP (DT the) (VP (NN bank))))))
(S (PRN (S (CC and) (NP (PRP i)))) (VP (VP (VBP give)) (PRT (NP (NP (VBP give)) (PRP him)) (VP (DT the) (PP (PRN (S (JJ other) (NN half))) (PP (NP (IN in)) (VP (JJ cold) (VP (NN cash)))))))))
(S (S (NP (CC and)) (INTJ (INTJ (INTJ (INTJ (UH uh)) (NP (PRP he))) (NP (NP (VBZ has)) (NP (DT a) (NP (NN teller) (NP (S (ADVP (NN card) (EDITED (NP (IN so)) (S (ADJP (PRP he)) (S (VP (MD can) (EDITED (INTJ (UH uh)) (PRN (S (VB do) (S (WP what) (PRN (S (NP (PRP he)) (EDITED (VBZ wi-))))))))))))) (VB do)) (NP (NP (NP (WP what)) (NP (PRP he))) (NP (VP (VBZ wishes)) (NP (IN with) (NP (DT the) (NP (NP (NN money)) (NP (EDITED (WDT that)) (NP (PRP i))))))))))))) (VP (PRN (S (WHADVP (VBP put)) (VP (IN in)))) (NP (DT the))))) (NP (NN bank)))
(S (NP (CC but)) (ADVP (PP (NP (IN at)) (SBAR (S (SBAR (JJS least) (NP (NP (NP (NP (PRP it)) (VBZ is)) (NP (RB n't) (NP (PRP you)))) (VP (QP (S (ADVP (VP (VP (VBP know)) (SBAR (VBG burning))) (DT a))) (NP (NN hole))) (SBARQ (IN in) (NP (PP (PRP$ his)) (NP (NN pocket))))))))))))
(S (NP (IN if)) (ADVP (PP (NP (PRP he)) (VP (VBZ wants) (S (NP (TO to)) (S (VP (VB use) (NP (NP (NP (NP (PRP it)) (PRP he)) (VBZ has)) (NP (NP (TO to)) (S (VP (VB go) (S (VP (VB get) (NP (PRP it)))))))))))))))
(S (NP (CC and)) (VP (NP (DT that)) (NP (RB usually))))
(S (INTJ (UH oh)) (PP (NP (PRP i)) (VP (NP (PRP i)) (VP (VBP start)))))
(INTJ (UH okay))
(S (S (NP (UH well)) (SBARQ (INTJ (INTJ (INTJ (UH uh)) (NP (PRP we))) (ADJP (VP (VBP keep)) (NP (DT a) (NN budget)))) (IN to))) (VP (DT an) (VP (NN extent))))
